<?xml version="1.0" encoding="UTF-8"?>
<testsuite name="com.danielvargas.authentication.AuthenticationTest" tests="2" skipped="0" failures="1" errors="0" timestamp="2018-04-09T11:07:49" hostname="USUARIO01" time="0.799">
  <properties/>
  <testcase name="stations_ShouldAlwaysReturnOk" classname="com.danielvargas.authentication.AuthenticationTest" time="0.783"/>
  <testcase name="unauthenticatedUsersShouldNotBeAllow" classname="com.danielvargas.authentication.AuthenticationTest" time="0.016">
    <failure message="java.lang.AssertionError: Status expected:&lt;403&gt; but was:&lt;404&gt;" type="java.lang.AssertionError">java.lang.AssertionError: Status expected:&lt;403&gt; but was:&lt;404&gt;
	at org.springframework.test.util.AssertionErrors.fail(AssertionErrors.java:54)
	at org.springframework.test.util.AssertionErrors.assertEquals(AssertionErrors.java:81)
	at org.springframework.test.web.servlet.result.StatusResultMatchers$10.match(StatusResultMatchers.java:665)
	at org.springframework.test.web.servlet.MockMvc$1.andExpect(MockMvc.java:171)
	at com.danielvargas.authentication.AuthenticationTest.unauthenticatedUsersShouldNotBeAllow(AuthenticationTest.java:55)
	at sun.reflect.NativeMethodAccessorImpl.invoke0(Native Method)
	at sun.reflect.NativeMethodAccessorImpl.invoke(NativeMethodAccessorImpl.java:62)
	at sun.reflect.DelegatingMethodAccessorImpl.invoke(DelegatingMethodAccessorImpl.java:43)
	at java.lang.reflect.Method.invoke(Method.java:498)
	at org.junit.runners.model.FrameworkMethod$1.runReflectiveCall(FrameworkMethod.java:50)
	at org.junit.internal.runners.model.ReflectiveCallable.run(ReflectiveCallable.java:12)
	at org.junit.runners.model.FrameworkMethod.invokeExplosively(FrameworkMethod.java:47)
	at org.junit.internal.runners.statements.InvokeMethod.evaluate(InvokeMethod.java:17)
	at org.junit.internal.runners.statements.RunBefores.evaluate(RunBefores.java:26)
	at org.junit.runners.ParentRunner.runLeaf(ParentRunner.java:325)
	at org.junit.runners.BlockJUnit4ClassRunner.runChild(BlockJUnit4ClassRunner.java:78)
	at org.junit.runners.BlockJUnit4ClassRunner.runChild(BlockJUnit4ClassRunner.java:57)
	at org.junit.runners.ParentRunner$3.run(ParentRunner.java:290)
	at org.junit.runners.ParentRunner$1.schedule(ParentRunner.java:71)
	at org.junit.runners.ParentRunner.runChildren(ParentRunner.java:288)
	at org.junit.runners.ParentRunner.access$000(ParentRunner.java:58)
	at org.junit.runners.ParentRunner$2.evaluate(ParentRunner.java:268)
	at org.junit.runners.ParentRunner.run(ParentRunner.java:363)
	at org.mockito.internal.runners.JUnit45AndHigherRunnerImpl.run(JUnit45AndHigherRunnerImpl.java:37)
	at org.mockito.runners.MockitoJUnitRunner.run(MockitoJUnitRunner.java:62)
	at org.gradle.api.internal.tasks.testing.junit.JUnitTestClassExecuter.runTestClass(JUnitTestClassExecuter.java:114)
	at org.gradle.api.internal.tasks.testing.junit.JUnitTestClassExecuter.execute(JUnitTestClassExecuter.java:57)
	at org.gradle.api.internal.tasks.testing.junit.JUnitTestClassProcessor.processTestClass(JUnitTestClassProcessor.java:66)
	at org.gradle.api.internal.tasks.testing.SuiteTestClassProcessor.processTestClass(SuiteTestClassProcessor.java:51)
	at sun.reflect.NativeMethodAccessorImpl.invoke0(Native Method)
	at sun.reflect.NativeMethodAccessorImpl.invoke(NativeMethodAccessorImpl.java:62)
	at sun.reflect.DelegatingMethodAccessorImpl.invoke(DelegatingMethodAccessorImpl.java:43)
	at java.lang.reflect.Method.invoke(Method.java:498)
	at org.gradle.internal.dispatch.ReflectionDispatch.dispatch(ReflectionDispatch.java:35)
	at org.gradle.internal.dispatch.ReflectionDispatch.dispatch(ReflectionDispatch.java:24)
	at org.gradle.internal.dispatch.ContextClassLoaderDispatch.dispatch(ContextClassLoaderDispatch.java:32)
	at org.gradle.internal.dispatch.ProxyDispatchAdapter$DispatchingInvocationHandler.invoke(ProxyDispatchAdapter.java:93)
	at com.sun.proxy.$Proxy2.processTestClass(Unknown Source)
	at org.gradle.api.internal.tasks.testing.worker.TestWorker.processTestClass(TestWorker.java:109)
	at sun.reflect.NativeMethodAccessorImpl.invoke0(Native Method)
	at sun.reflect.NativeMethodAccessorImpl.invoke(NativeMethodAccessorImpl.java:62)
	at sun.reflect.DelegatingMethodAccessorImpl.invoke(DelegatingMethodAccessorImpl.java:43)
	at java.lang.reflect.Method.invoke(Method.java:498)
	at org.gradle.internal.dispatch.ReflectionDispatch.dispatch(ReflectionDispatch.java:35)
	at org.gradle.internal.dispatch.ReflectionDispatch.dispatch(ReflectionDispatch.java:24)
	at org.gradle.internal.remote.internal.hub.MessageHubBackedObjectConnection$DispatchWrapper.dispatch(MessageHubBackedObjectConnection.java:147)
	at org.gradle.internal.remote.internal.hub.MessageHubBackedObjectConnection$DispatchWrapper.dispatch(MessageHubBackedObjectConnection.java:129)
	at org.gradle.internal.remote.internal.hub.MessageHub$Handler.run(MessageHub.java:404)
	at org.gradle.internal.concurrent.ExecutorPolicy$CatchAndRecordFailures.onExecute(ExecutorPolicy.java:63)
	at org.gradle.internal.concurrent.StoppableExecutorImpl$1.run(StoppableExecutorImpl.java:46)
	at java.util.concurrent.ThreadPoolExecutor.runWorker(ThreadPoolExecutor.java:1149)
	at java.util.concurrent.ThreadPoolExecutor$Worker.run(ThreadPoolExecutor.java:624)
	at java.lang.Thread.run(Thread.java:748)
</failure>
  </testcase>
  <system-out><![CDATA[06:07:49.161 [Test worker] DEBUG org.springframework.core.env.StandardEnvironment - Adding PropertySource 'systemProperties' with lowest search precedence
06:07:49.177 [Test worker] DEBUG org.springframework.core.env.StandardEnvironment - Adding PropertySource 'systemEnvironment' with lowest search precedence
06:07:49.177 [Test worker] DEBUG org.springframework.core.env.StandardEnvironment - Initialized StandardEnvironment with PropertySources [MapPropertySource@438521603 {name='systemProperties', properties={java.runtime.name=Java(TM) SE Runtime Environment, sun.boot.library.path=C:\Program Files\Java\jdk1.8.0_162\jre\bin, java.vm.version=25.162-b12, java.vm.vendor=Oracle Corporation, java.vendor.url=http://java.oracle.com/, path.separator=;, java.vm.name=Java HotSpot(TM) 64-Bit Server VM, file.encoding.pkg=sun.io, user.script=, sun.java.launcher=SUN_STANDARD, user.country=CO, sun.os.patch.level=, java.vm.specification.name=Java Virtual Machine Specification, user.dir=D:\Pruebas De Programacion\bicicletas\bicicletasAPI, java.runtime.version=1.8.0_162-b12, java.awt.graphicsenv=sun.awt.Win32GraphicsEnvironment, java.endorsed.dirs=C:\Program Files\Java\jdk1.8.0_162\jre\lib\endorsed, os.arch=amd64, java.io.tmpdir=C:\Users\Daniel\AppData\Local\Temp\, line.separator=
, java.vm.specification.vendor=Oracle Corporation, user.variant=, os.name=Windows 10, sun.jnu.encoding=Cp1252, java.library.path=C:\Program Files\Java\jdk1.8.0_162\bin;C:\WINDOWS\Sun\Java\bin;C:\WINDOWS\system32;C:\WINDOWS;C:\Program Files\NVIDIA GPU Computing Toolkit\CUDA\v9.0\bin;C:\Program Files\NVIDIA GPU Computing Toolkit\CUDA\v9.0\libnvvp;C:\ProgramData\Oracle\Java\javapath;C:\Windows\system32;C:\Windows;C:\Windows\System32\Wbem;C:\Windows\System32\WindowsPowerShell\v1.0\;C:\Program Files (x86)\NVIDIA Corporation\PhysX\Common;C:\WINDOWS\system32;C:\WINDOWS;C:\WINDOWS\System32\Wbem;C:\WINDOWS\System32\WindowsPowerShell\v1.0\;C:\Program Files (x86)\GtkSharp\2.12\bin;C:\Program Files\Git\cmd;C:\Program Files\nodejs\;C:\Users\Daniel\Anaconda3;C:\Users\Daniel\AppData\Local\Microsoft\WindowsApps;C:\Users\Daniel\AppData\Local\atom\bin;C:\Program Files\Microsoft VS Code\bin;C:\Users\Daniel\AppData\Roaming\npm;C:\Program Files\Heroku\bin;., java.specification.name=Java Platform API Specification, java.class.version=52.0, sun.management.compiler=HotSpot 64-Bit Tiered Compilers, os.version=10.0, user.home=C:\Users\Daniel, user.timezone=America/Bogota, java.awt.printerjob=sun.awt.windows.WPrinterJob, file.encoding=windows-1252, java.specification.version=1.8, java.class.path=D:\Pruebas De Programacion\bicicletas\bicicletasAPI\build\classes\test;D:\Pruebas De Programacion\bicicletas\bicicletasAPI\build\resources\test;D:\Pruebas De Programacion\bicicletas\bicicletasAPI\build\classes\main;D:\Pruebas De Programacion\bicicletas\bicicletasAPI\build\resources\main;C:\Users\Daniel\.gradle\caches\modules-2\files-2.1\org.springframework.boot\spring-boot-starter-data-jpa\1.5.9.RELEASE\8628320876aa12cc406216523effe954fbd354c0\spring-boot-starter-data-jpa-1.5.9.RELEASE.jar;C:\Users\Daniel\.gradle\caches\modules-2\files-2.1\org.springframework.boot\spring-boot-starter-web\1.5.9.RELEASE\bda9733d5e6ba6d1a97deead1738713dc0631b3e\spring-boot-starter-web-1.5.9.RELEASE.jar;C:\Users\Daniel\.gradle\caches\modules-2\files-2.1\org.hibernate\hibernate-core\5.1.0.Final\1b5ac619df76cfd67222ca7cddcee6b0a5db8d0c\hibernate-core-5.1.0.Final.jar;C:\Users\Daniel\.gradle\caches\modules-2\files-2.1\org.apache.tomcat\tomcat-dbcp\8.0.32\782df353bd234b50489ab117d6a783919179e980\tomcat-dbcp-8.0.32.jar;C:\Users\Daniel\.gradle\caches\modules-2\files-2.1\org.hibernate\hibernate-entitymanager\5.1.0.Final\30d9f676363010b0958c9b738abc197235766f9c\hibernate-entitymanager-5.1.0.Final.jar;C:\Users\Daniel\.gradle\caches\modules-2\files-2.1\com.fasterxml.jackson.datatype\jackson-datatype-jsr310\2.9.3\7d739db3f7975d082acbbade17986d018dc473c2\jackson-datatype-jsr310-2.9.3.jar;C:\Users\Daniel\.gradle\caches\modules-2\files-2.1\org.springframework.boot\spring-boot-starter-security\1.5.9.RELEASE\f6ee3598d26440007927c67371406f2433c13e2d\spring-boot-starter-security-1.5.9.RELEASE.jar;C:\Users\Daniel\.gradle\caches\modules-2\files-2.1\io.jsonwebtoken\jjwt\0.9.0\64e3ed8a5f0bc93ecea592a0b3280f995efbdfe9\jjwt-0.9.0.jar;C:\Users\Daniel\.gradle\caches\modules-2\files-2.1\joda-time\joda-time\2.9.9\f7b520c458572890807d143670c9b24f4de90897\joda-time-2.9.9.jar;C:\Users\Daniel\.gradle\caches\modules-2\files-2.1\com.h2database\h2\1.4.196\dd0034398d593aa3588c6773faac429bbd9aea0e\h2-1.4.196.jar;C:\Users\Daniel\.gradle\caches\modules-2\files-2.1\org.springframework.boot\spring-boot-starter-test\1.5.9.RELEASE\b5adf6fbf53be00b7ae52f657d564122edbe5156\spring-boot-starter-test-1.5.9.RELEASE.jar;C:\Users\Daniel\.gradle\caches\modules-2\files-2.1\org.springframework.security\spring-security-test\4.2.3.RELEASE\f93339f597290d85a596f25a7841b9109b79ced6\spring-security-test-4.2.3.RELEASE.jar;C:\Users\Daniel\.gradle\caches\modules-2\files-2.1\com.github.springtestdbunit\spring-test-dbunit\1.3.0\596cab1e9016443d9ea9ffbc0692f4106f54c37d\spring-test-dbunit-1.3.0.jar;C:\Users\Daniel\.gradle\caches\modules-2\files-2.1\org.dbunit\dbunit\2.5.2\80b5acbbcb14366ee69bd2800f9fad59634761a5\dbunit-2.5.2.jar;C:\Users\Daniel\.gradle\caches\modules-2\files-2.1\junit\junit\4.12\2973d150c0dc1fefe998f834810d68f278ea58ec\junit-4.12.jar;C:\Users\Daniel\.gradle\caches\modules-2\files-2.1\org.apache.httpcomponents\httpclient\4.5.2\733db77aa8d9b2d68015189df76ab06304406e50\httpclient-4.5.2.jar;C:\Users\Daniel\.gradle\caches\modules-2\files-2.1\org.springframework.boot\spring-boot-starter\1.5.9.RELEASE\6bfb34db2715ee86c6e2337fa145650588b4b1b3\spring-boot-starter-1.5.9.RELEASE.jar;C:\Users\Daniel\.gradle\caches\modules-2\files-2.1\org.springframework.boot\spring-boot-starter-aop\1.5.9.RELEASE\fab419df8d7a13968a51ebfcbcad7ef320d66184\spring-boot-starter-aop-1.5.9.RELEASE.jar;C:\Users\Daniel\.gradle\caches\modules-2\files-2.1\org.springframework.boot\spring-boot-starter-jdbc\1.5.9.RELEASE\6769ecea55e952afb64f17975638c5afd1e59ef3\spring-boot-starter-jdbc-1.5.9.RELEASE.jar;C:\Users\Daniel\.gradle\caches\modules-2\files-2.1\javax.transaction\javax.transaction-api\1.2\d81aff979d603edd90dcd8db2abc1f4ce6479e3e\javax.transaction-api-1.2.jar;C:\Users\Daniel\.gradle\caches\modules-2\files-2.1\org.springframework.data\spring-data-jpa\1.11.9.RELEASE\64c80f12361d5b74cf98a3433b59a5c961d78d38\spring-data-jpa-1.11.9.RELEASE.jar;C:\Users\Daniel\.gradle\caches\modules-2\files-2.1\org.springframework\spring-aspects\4.3.13.RELEASE\c91788e6b7c431379d0f7fe5f85f427d7e3f01ae\spring-aspects-4.3.13.RELEASE.jar;C:\Users\Daniel\.gradle\caches\modules-2\files-2.1\org.springframework.boot\spring-boot-starter-tomcat\1.5.9.RELEASE\4615056f8a2bcad03ba8cdf410419ee3d101c5bb\spring-boot-starter-tomcat-1.5.9.RELEASE.jar;C:\Users\Daniel\.gradle\caches\modules-2\files-2.1\org.hibernate\hibernate-validator\5.3.6.Final\4c730be8bf55a8e9a61e79a2f2c079abf48b718\hibernate-validator-5.3.6.Final.jar;C:\Users\Daniel\.gradle\caches\modules-2\files-2.1\com.fasterxml.jackson.core\jackson-databind\2.8.10\f7b83cb2bc4b88d53961e749e1ad32f49ef017b7\jackson-databind-2.8.10.jar;C:\Users\Daniel\.gradle\caches\modules-2\files-2.1\org.springframework\spring-web\4.3.13.RELEASE\7cd084992d546165ede3e99bc31ee49c937f0ce7\spring-web-4.3.13.RELEASE.jar;C:\Users\Daniel\.gradle\caches\modules-2\files-2.1\org.springframework\spring-webmvc\4.3.13.RELEASE\87a095c7a1d13fe433ae6712787238c1dbaa6919\spring-webmvc-4.3.13.RELEASE.jar;C:\Users\Daniel\.gradle\caches\modules-2\files-2.1\org.jboss.logging\jboss-logging\3.3.1.Final\c46217ab74b532568c0ed31dc599db3048bd1b67\jboss-logging-3.3.1.Final.jar;C:\Users\Daniel\.gradle\caches\modules-2\files-2.1\org.hibernate.javax.persistence\hibernate-jpa-2.1-api\1.0.0.Final\5e731d961297e5a07290bfaf3db1fbc8bbbf405a\hibernate-jpa-2.1-api-1.0.0.Final.jar;C:\Users\Daniel\.gradle\caches\modules-2\files-2.1\org.javassist\javassist\3.21.0-GA\598244f595db5c5fb713731eddbb1c91a58d959b\javassist-3.21.0-GA.jar;C:\Users\Daniel\.gradle\caches\modules-2\files-2.1\antlr\antlr\2.7.7\83cd2cd674a217ade95a4bb83a8a14f351f48bd0\antlr-2.7.7.jar;C:\Users\Daniel\.gradle\caches\modules-2\files-2.1\org.apache.geronimo.specs\geronimo-jta_1.1_spec\1.1.1\aabab3165b8ea936b9360abbf448459c0d04a5a4\geronimo-jta_1.1_spec-1.1.1.jar;C:\Users\Daniel\.gradle\caches\modules-2\files-2.1\org.jboss\jandex\2.0.0.Final\3e899258936f94649c777193e1be846387ed54b3\jandex-2.0.0.Final.jar;C:\Users\Daniel\.gradle\caches\modules-2\files-2.1\com.fasterxml\classmate\1.3.4\3d5f48f10bbe4eb7bd862f10c0583be2e0053c6\classmate-1.3.4.jar;C:\Users\Daniel\.gradle\caches\modules-2\files-2.1\dom4j\dom4j\1.6.1\5d3ccc056b6f056dbf0dddfdf43894b9065a8f94\dom4j-1.6.1.jar;C:\Users\Daniel\.gradle\caches\modules-2\files-2.1\org.hibernate.common\hibernate-commons-annotations\5.0.1.Final\71e1cff3fcb20d3b3af4f3363c3ddb24d33c6879\hibernate-commons-annotations-5.0.1.Final.jar;C:\Users\Daniel\.gradle\caches\modules-2\files-2.1\com.fasterxml.jackson.core\jackson-annotations\2.8.0\45b426f7796b741035581a176744d91090e2e6fb\jackson-annotations-2.8.0.jar;C:\Users\Daniel\.gradle\caches\modules-2\files-2.1\com.fasterxml.jackson.core\jackson-core\2.8.10\eb21a035c66ad307e66ec8fce37f5d50fd62d039\jackson-core-2.8.10.jar;C:\Users\Daniel\.gradle\caches\modules-2\files-2.1\org.springframework\spring-aop\4.3.13.RELEASE\61f427b55951f59b50f3c2bd0de3c48960e2a342\spring-aop-4.3.13.RELEASE.jar;C:\Users\Daniel\.gradle\caches\modules-2\files-2.1\org.springframework.security\spring-security-config\4.2.3.RELEASE\9f3771903616e33521836fd999d63efbfebf90d\spring-security-config-4.2.3.RELEASE.jar;C:\Users\Daniel\.gradle\caches\modules-2\files-2.1\org.springframework.security\spring-security-web\4.2.3.RELEASE\7a03e737484ca232d7146852f06d067ac21427ac\spring-security-web-4.2.3.RELEASE.jar;C:\Users\Daniel\.gradle\caches\modules-2\files-2.1\org.springframework.boot\spring-boot-test\1.5.9.RELEASE\7e604d56325f04a8b89a280e647746fc69e5a21f\spring-boot-test-1.5.9.RELEASE.jar;C:\Users\Daniel\.gradle\caches\modules-2\files-2.1\org.springframework.boot\spring-boot-test-autoconfigure\1.5.9.RELEASE\b428495e25b0531b2a977f51c5d29011c817b8ee\spring-boot-test-autoconfigure-1.5.9.RELEASE.jar;C:\Users\Daniel\.gradle\caches\modules-2\files-2.1\com.jayway.jsonpath\json-path\2.2.0\22290d17944bd239fabf5ac69005a60a7ecbbbcb\json-path-2.2.0.jar;C:\Users\Daniel\.gradle\caches\modules-2\files-2.1\org.assertj\assertj-core\2.6.0\b532c3fc4f66bcfee4989a3514f1cd56203a33ad\assertj-core-2.6.0.jar;C:\Users\Daniel\.gradle\caches\modules-2\files-2.1\org.mockito\mockito-core\1.10.19\e8546f5bef4e061d8dd73895b4e8f40e3fe6effe\mockito-core-1.10.19.jar;C:\Users\Daniel\.gradle\caches\modules-2\files-2.1\org.hamcrest\hamcrest-core\1.3\42a25dc3219429f0e5d060061f71acb49bf010a0\hamcrest-core-1.3.jar;C:\Users\Daniel\.gradle\caches\modules-2\files-2.1\org.hamcrest\hamcrest-library\1.3\4785a3c21320980282f9f33d0d1264a69040538f\hamcrest-library-1.3.jar;C:\Users\Daniel\.gradle\caches\modules-2\files-2.1\org.skyscreamer\jsonassert\1.4.0\9cdbb373a06f6513e51e8c545ee6a5e981463edb\jsonassert-1.4.0.jar;C:\Users\Daniel\.gradle\caches\modules-2\files-2.1\org.springframework\spring-core\4.3.13.RELEASE\eea18d7f4d01f1baa1b6728b678b5a6fe23c61f6\spring-core-4.3.13.RELEASE.jar;C:\Users\Daniel\.gradle\caches\modules-2\files-2.1\org.springframework\spring-test\4.3.13.RELEASE\f4ff71b0d628d37f334d4f1f197c1b8cea364d01\spring-test-4.3.13.RELEASE.jar;C:\Users\Daniel\.gradle\caches\modules-2\files-2.1\org.springframework.security\spring-security-core\4.2.3.RELEASE\5c0e47a47036c94d6fdd02696bf52be6d1adbd4d\spring-security-core-4.2.3.RELEASE.jar;C:\Users\Daniel\.gradle\caches\modules-2\files-2.1\org.slf4j\slf4j-api\1.7.25\da76ca59f6a57ee3102f8f9bd9cee742973efa8a\slf4j-api-1.7.25.jar;C:\Users\Daniel\.gradle\caches\modules-2\files-2.1\commons-collections\commons-collections\3.2.2\8ad72fe39fa8c91eaaf12aadb21e0c3661fe26d5\commons-collections-3.2.2.jar;C:\Users\Daniel\.gradle\caches\modules-2\files-2.1\org.apache.poi\poi-ooxml\3.11\e87975291fbb65888468b09fda2cf00e2996c2a0\poi-ooxml-3.11.jar;C:\Users\Daniel\.gradle\caches\modules-2\files-2.1\org.apache.httpcomponents\httpcore\4.4.8\70539e2a07865bab38b4153da1ce599cf081790a\httpcore-4.4.8.jar;C:\Users\Daniel\.gradle\caches\modules-2\files-2.1\commons-codec\commons-codec\1.10\4b95f4897fa13f2cd904aee711aeafc0c5295cd8\commons-codec-1.10.jar;C:\Users\Daniel\.gradle\caches\modules-2\files-2.1\org.springframework.boot\spring-boot\1.5.9.RELEASE\f472cdf948288796fb31e0bb03f6e7b022b763a0\spring-boot-1.5.9.RELEASE.jar;C:\Users\Daniel\.gradle\caches\modules-2\files-2.1\org.springframework.boot\spring-boot-autoconfigure\1.5.9.RELEASE\88dd18bdaf317ae40971573a051fd47265f2ed39\spring-boot-autoconfigure-1.5.9.RELEASE.jar;C:\Users\Daniel\.gradle\caches\modules-2\files-2.1\org.springframework.boot\spring-boot-starter-logging\1.5.9.RELEASE\30fd62a1ce9639759d90d49608501082314c1628\spring-boot-starter-logging-1.5.9.RELEASE.jar;C:\Users\Daniel\.gradle\caches\modules-2\files-2.1\org.yaml\snakeyaml\1.17\7a27ea250c5130b2922b86dea63cbb1cc10a660c\snakeyaml-1.17.jar;C:\Users\Daniel\.gradle\caches\modules-2\files-2.1\org.aspectj\aspectjweaver\1.8.13\ad94df2a28d658a40dc27bbaff6a1ce5fbf04e9b\aspectjweaver-1.8.13.jar;C:\Users\Daniel\.gradle\caches\modules-2\files-2.1\org.apache.tomcat\tomcat-jdbc\8.5.23\6036400a8f2d90dd3ae3a4d09e5136c56002887b\tomcat-jdbc-8.5.23.jar;C:\Users\Daniel\.gradle\caches\modules-2\files-2.1\org.springframework\spring-jdbc\4.3.13.RELEASE\68e95c2a065641559c7dab7b605bc5847ab026ad\spring-jdbc-4.3.13.RELEASE.jar;C:\Users\Daniel\.gradle\caches\modules-2\files-2.1\org.springframework.data\spring-data-commons\1.13.9.RELEASE\3910a598235d2e9c1ca56f34c5e62bb5ce23778\spring-data-commons-1.13.9.RELEASE.jar;C:\Users\Daniel\.gradle\caches\modules-2\files-2.1\org.springframework\spring-orm\4.3.13.RELEASE\382d3ce044204947f8f2b3fa67a665d4e2bd346f\spring-orm-4.3.13.RELEASE.jar;C:\Users\Daniel\.gradle\caches\modules-2\files-2.1\org.springframework\spring-context\4.3.13.RELEASE\6ab1c189a13182fa3256f6bbc68fafdaf8f5a19e\spring-context-4.3.13.RELEASE.jar;C:\Users\Daniel\.gradle\caches\modules-2\files-2.1\org.springframework\spring-tx\4.3.13.RELEASE\6ebf7b3f2099fa884038d9d7bd44817ebd9c5b4a\spring-tx-4.3.13.RELEASE.jar;C:\Users\Daniel\.gradle\caches\modules-2\files-2.1\org.springframework\spring-beans\4.3.13.RELEASE\8613a7077722f1d97f8cb3fea4b0b40bfadf4496\spring-beans-4.3.13.RELEASE.jar;C:\Users\Daniel\.gradle\caches\modules-2\files-2.1\org.slf4j\jcl-over-slf4j\1.7.25\f8c32b13ff142a513eeb5b6330b1588dcb2c0461\jcl-over-slf4j-1.7.25.jar;C:\Users\Daniel\.gradle\caches\modules-2\files-2.1\org.apache.tomcat.embed\tomcat-embed-core\8.5.23\79261793a47f507890ee08f749b9d81774e4f7f0\tomcat-embed-core-8.5.23.jar;C:\Users\Daniel\.gradle\caches\modules-2\files-2.1\org.apache.tomcat.embed\tomcat-embed-el\8.5.23\98d979cde444dffa6d434c8377d0123b2dfa614c\tomcat-embed-el-8.5.23.jar;C:\Users\Daniel\.gradle\caches\modules-2\files-2.1\org.apache.tomcat.embed\tomcat-embed-websocket\8.5.23\52f07abcae10dc7e1764304b0877def175c2c833\tomcat-embed-websocket-8.5.23.jar;C:\Users\Daniel\.gradle\caches\modules-2\files-2.1\javax.validation\validation-api\1.1.0.Final\8613ae82954779d518631e05daa73a6a954817d5\validation-api-1.1.0.Final.jar;C:\Users\Daniel\.gradle\caches\modules-2\files-2.1\org.springframework\spring-expression\4.3.13.RELEASE\da22bf7df1262e429b49653be6cd5b89b6affe5e\spring-expression-4.3.13.RELEASE.jar;C:\Users\Daniel\.gradle\caches\modules-2\files-2.1\aopalliance\aopalliance\1.0\235ba8b489512805ac13a8f9ea77a1ca5ebe3e8\aopalliance-1.0.jar;C:\Users\Daniel\.gradle\caches\modules-2\files-2.1\net.minidev\json-smart\2.2.1\5b9e5df7a62d1279b70dc882b041d249c4f0b002\json-smart-2.2.1.jar;C:\Users\Daniel\.gradle\caches\modules-2\files-2.1\org.objenesis\objenesis\2.1\87c0ea803b69252868d09308b4618f766f135a96\objenesis-2.1.jar;C:\Users\Daniel\.gradle\caches\modules-2\files-2.1\com.vaadin.external.google\android-json\0.0.20131108.vaadin1\fa26d351fe62a6a17f5cda1287c1c6110dec413f\android-json-0.0.20131108.vaadin1.jar;C:\Users\Daniel\.gradle\caches\modules-2\files-2.1\org.apache.poi\poi\3.11\51058d9db469437a5ed0aa508e7de8937019e1d9\poi-3.11.jar;C:\Users\Daniel\.gradle\caches\modules-2\files-2.1\org.apache.poi\poi-ooxml-schemas\3.11\4f015e9125a65351a2e1d27c1f8c6af0ff4a34c8\poi-ooxml-schemas-3.11.jar;C:\Users\Daniel\.gradle\caches\modules-2\files-2.1\ch.qos.logback\logback-classic\1.1.11\ccedfbacef4a6515d2983e3f89ed753d5d4fb665\logback-classic-1.1.11.jar;C:\Users\Daniel\.gradle\caches\modules-2\files-2.1\org.slf4j\jul-to-slf4j\1.7.25\af5364cd6679bfffb114f0dec8a157aaa283b76\jul-to-slf4j-1.7.25.jar;C:\Users\Daniel\.gradle\caches\modules-2\files-2.1\org.slf4j\log4j-over-slf4j\1.7.25\a87bb47468f47ee7aabbd54f93e133d4215769c3\log4j-over-slf4j-1.7.25.jar;C:\Users\Daniel\.gradle\caches\modules-2\files-2.1\org.apache.tomcat\tomcat-annotations-api\8.5.23\aaf17df9fe0240e9e9d5375d24d5f177174b73d9\tomcat-annotations-api-8.5.23.jar;C:\Users\Daniel\.gradle\caches\modules-2\files-2.1\net.minidev\accessors-smart\1.1\a527213f2fea112a04c9bdf0ec0264e34104cd08\accessors-smart-1.1.jar;C:\Users\Daniel\.gradle\caches\modules-2\files-2.1\org.apache.xmlbeans\xmlbeans\2.6.0\29e80d2dd51f9dcdef8f9ffaee0d4dc1c9bbfc87\xmlbeans-2.6.0.jar;C:\Users\Daniel\.gradle\caches\modules-2\files-2.1\ch.qos.logback\logback-core\1.1.11\88b8df40340eed549fb07e2613879bf6b006704d\logback-core-1.1.11.jar;C:\Users\Daniel\.gradle\caches\modules-2\files-2.1\org.ow2.asm\asm\5.0.3\dcc2193db20e19e1feca8b1240dbbc4e190824fa\asm-5.0.3.jar;C:\Users\Daniel\.gradle\caches\modules-2\files-2.1\stax\stax-api\1.0.1\49c100caf72d658aca8e58bd74a4ba90fa2b0d70\stax-api-1.0.1.jar;C:\Users\Daniel\.gradle\caches\modules-2\files-2.1\org.apache.tomcat\tomcat-juli\8.5.23\98e7f0610b7b2fb8303f11be0210e3f5a56a7d55\tomcat-juli-8.5.23.jar, user.name=Daniel, java.vm.specification.version=1.8, sun.java.command=worker.org.gradle.process.internal.worker.GradleWorkerMain 'Gradle Test Executor 1', java.home=C:\Program Files\Java\jdk1.8.0_162\jre, sun.arch.data.model=64, user.language=es, java.specification.vendor=Oracle Corporation, awt.toolkit=sun.awt.windows.WToolkit, java.vm.info=mixed mode, java.version=1.8.0_162, java.ext.dirs=C:\Program Files\Java\jdk1.8.0_162\jre\lib\ext;C:\WINDOWS\Sun\Java\lib\ext, sun.boot.class.path=C:\Program Files\Java\jdk1.8.0_162\jre\lib\resources.jar;C:\Program Files\Java\jdk1.8.0_162\jre\lib\rt.jar;C:\Program Files\Java\jdk1.8.0_162\jre\lib\sunrsasign.jar;C:\Program Files\Java\jdk1.8.0_162\jre\lib\jsse.jar;C:\Program Files\Java\jdk1.8.0_162\jre\lib\jce.jar;C:\Program Files\Java\jdk1.8.0_162\jre\lib\charsets.jar;C:\Program Files\Java\jdk1.8.0_162\jre\lib\jfr.jar;C:\Program Files\Java\jdk1.8.0_162\jre\classes, java.vendor=Oracle Corporation, org.gradle.test.worker=1, file.separator=\, java.vendor.url.bug=http://bugreport.sun.com/bugreport/, sun.io.unicode.encoding=UnicodeLittle, sun.cpu.endian=little, sun.desktop=windows, sun.cpu.isalist=amd64}}, SystemEnvironmentPropertySource@1703089328 {name='systemEnvironment', properties={USERDOMAIN_ROAMINGPROFILE=USUARIO01, LOCALAPPDATA=C:\Users\Daniel\AppData\Local, PROCESSOR_LEVEL=6, USERDOMAIN=USUARIO01, FPS_BROWSER_APP_PROFILE_STRING=Internet Explorer, LOGONSERVER=\\USUARIO01, SESSIONNAME=Console, ALLUSERSPROFILE=C:\ProgramData, PROCESSOR_ARCHITECTURE=AMD64, PSModulePath=C:\WINDOWS\system32\WindowsPowerShell\v1.0\Modules\, SystemDrive=C:, OneDrive=C:\Users\Daniel\OneDrive, APPDATA=C:\Users\Daniel\AppData\Roaming, GTK_BASEPATH=C:\Program Files (x86)\GtkSharp\2.12\, USERNAME=Daniel, ProgramFiles(x86)=C:\Program Files (x86), VBOX_MSI_INSTALL_PATH=C:\Program Files\Oracle\VirtualBox\, NVTOOLSEXT_PATH=C:\Program Files\NVIDIA Corporation\NvToolsExt\, CommonProgramFiles=C:\Program Files\Common Files, Path=C:\Program Files\NVIDIA GPU Computing Toolkit\CUDA\v9.0\bin;C:\Program Files\NVIDIA GPU Computing Toolkit\CUDA\v9.0\libnvvp;C:\ProgramData\Oracle\Java\javapath;C:\Windows\system32;C:\Windows;C:\Windows\System32\Wbem;C:\Windows\System32\WindowsPowerShell\v1.0\;C:\Program Files (x86)\NVIDIA Corporation\PhysX\Common;C:\WINDOWS\system32;C:\WINDOWS;C:\WINDOWS\System32\Wbem;C:\WINDOWS\System32\WindowsPowerShell\v1.0\;C:\Program Files (x86)\GtkSharp\2.12\bin;C:\Program Files\Git\cmd;C:\Program Files\nodejs\;C:\Users\Daniel\Anaconda3;C:\Users\Daniel\AppData\Local\Microsoft\WindowsApps;C:\Users\Daniel\AppData\Local\atom\bin;C:\Program Files\Microsoft VS Code\bin;C:\Users\Daniel\AppData\Roaming\npm;C:\Program Files\Heroku\bin, FPS_BROWSER_USER_PROFILE_STRING=Default, PATHEXT=.COM;.EXE;.BAT;.CMD;.VBS;.VBE;.JS;.JSE;.WSF;.WSH;.MSC, OS=Windows_NT, COMPUTERNAME=USUARIO01, NVCUDASAMPLES_ROOT=C:\ProgramData\NVIDIA Corporation\CUDA Samples\v9.0, CUDA_PATH=C:\Program Files\NVIDIA GPU Computing Toolkit\CUDA\v9.0, ADSK_CLM_WPAD_PROXY_CHECK=FALSE, PROCESSOR_REVISION=4e03, CommonProgramW6432=C:\Program Files\Common Files, ComSpec=C:\WINDOWS\system32\cmd.exe, PYTHON_HOME=C:\Users\Daniel\Anaconda3, NVCUDASAMPLES9_0_ROOT=C:\ProgramData\NVIDIA Corporation\CUDA Samples\v9.0, ProgramData=C:\ProgramData, ProgramW6432=C:\Program Files, HOMEPATH=\Users\Daniel, SystemRoot=C:\WINDOWS, TEMP=C:\Users\Daniel\AppData\Local\Temp, HOMEDRIVE=C:, PROCESSOR_IDENTIFIER=Intel64 Family 6 Model 78 Stepping 3, GenuineIntel, USERPROFILE=C:\Users\Daniel, TMP=C:\Users\Daniel\AppData\Local\Temp, CUDA_PATH_V9_0=C:\Program Files\NVIDIA GPU Computing Toolkit\CUDA\v9.0, CommonProgramFiles(x86)=C:\Program Files (x86)\Common Files, ProgramFiles=C:\Program Files, PUBLIC=C:\Users\Public, NUMBER_OF_PROCESSORS=4, windir=C:\WINDOWS, =::=::\}}]
06:07:49.340 [Test worker] DEBUG org.springframework.test.web.servlet.setup.StandaloneMockMvcBuilder$StaticRequestMappingHandlerMapping - Looking for request mappings in application context: org.springframework.test.web.servlet.setup.StubWebApplicationContext@2fa6caff
06:07:49.361 [Test worker] DEBUG org.springframework.test.web.servlet.setup.StandaloneMockMvcBuilder$StaticRequestMappingHandlerMapping - 3 request handler methods found on class com.danielvargas.controller.StationController: {public org.springframework.http.ResponseEntity com.danielvargas.controller.StationController.updateStatus(int)={[/stations/{id}],methods=[POST]}, public org.springframework.http.ResponseEntity com.danielvargas.controller.StationController.getOneStation(int)={[/stations/{id}]}, public java.util.List com.danielvargas.controller.StationController.getAllStations()={[/stations]}}
06:07:49.363 [Test worker] INFO org.springframework.test.web.servlet.setup.StandaloneMockMvcBuilder$StaticRequestMappingHandlerMapping - Mapped "{[/stations/{id}],methods=[POST]}" onto public org.springframework.http.ResponseEntity<com.danielvargas.entity.data.Station> com.danielvargas.controller.StationController.updateStatus(int)
06:07:49.363 [Test worker] INFO org.springframework.test.web.servlet.setup.StandaloneMockMvcBuilder$StaticRequestMappingHandlerMapping - Mapped "{[/stations/{id}]}" onto public org.springframework.http.ResponseEntity<com.danielvargas.entity.data.Station> com.danielvargas.controller.StationController.getOneStation(int)
06:07:49.363 [Test worker] INFO org.springframework.test.web.servlet.setup.StandaloneMockMvcBuilder$StaticRequestMappingHandlerMapping - Mapped "{[/stations]}" onto public java.util.List<com.danielvargas.entity.data.Station> com.danielvargas.controller.StationController.getAllStations()
06:07:49.598 [Test worker] DEBUG org.jboss.logging - Logging Provider: org.jboss.logging.Slf4jLoggerProvider
06:07:49.613 [Test worker] INFO org.hibernate.validator.internal.util.Version - HV000001: Hibernate Validator 5.3.6.Final
06:07:49.629 [Test worker] DEBUG org.hibernate.validator.internal.engine.resolver.DefaultTraversableResolver - Found javax.persistence.Persistence on classpath containing 'getPersistenceUtil'. Assuming JPA 2 environment. Trying to instantiate JPA aware TraversableResolver
06:07:49.629 [Test worker] DEBUG org.hibernate.validator.internal.engine.resolver.DefaultTraversableResolver - Instantiated JPA aware TraversableResolver of type org.hibernate.validator.internal.engine.resolver.JPATraversableResolver.
06:07:49.645 [Test worker] DEBUG org.hibernate.validator.internal.engine.ConfigurationImpl - Setting custom MessageInterpolator of type org.springframework.validation.beanvalidation.LocaleContextMessageInterpolator
06:07:49.645 [Test worker] DEBUG org.hibernate.validator.internal.engine.ConfigurationImpl - Setting custom ParameterNameProvider of type com.sun.proxy.$Proxy28
06:07:49.645 [Test worker] DEBUG org.hibernate.validator.internal.xml.ValidationXmlParser - Trying to load META-INF/validation.xml for XML based Validator configuration.
06:07:49.645 [Test worker] DEBUG org.hibernate.validator.internal.xml.ResourceLoaderHelper - Trying to load META-INF/validation.xml via TCCL
06:07:49.645 [Test worker] DEBUG org.hibernate.validator.internal.xml.ResourceLoaderHelper - Trying to load META-INF/validation.xml via Hibernate Validator's class loader
06:07:49.645 [Test worker] DEBUG org.hibernate.validator.internal.xml.ValidationXmlParser - No META-INF/validation.xml found. Using annotation based configuration only.
06:07:49.691 [Test worker] INFO org.springframework.web.servlet.mvc.method.annotation.RequestMappingHandlerAdapter - Looking for @ControllerAdvice: org.springframework.test.web.servlet.setup.StubWebApplicationContext@2fa6caff
06:07:49.723 [Test worker] DEBUG org.springframework.web.servlet.mvc.method.annotation.ExceptionHandlerExceptionResolver - Looking for exception mappings: org.springframework.test.web.servlet.setup.StubWebApplicationContext@2fa6caff
06:07:49.754 [Test worker] DEBUG org.springframework.test.web.servlet.TestDispatcherServlet - Initializing servlet ''
06:07:49.754 [Test worker] INFO org.springframework.mock.web.MockServletContext - Initializing Spring FrameworkServlet ''
06:07:49.754 [Test worker] INFO org.springframework.test.web.servlet.TestDispatcherServlet - FrameworkServlet '': initialization started
06:07:49.754 [Test worker] DEBUG org.springframework.test.web.servlet.TestDispatcherServlet - Unable to locate MultipartResolver with name 'multipartResolver': no multipart request handling provided
06:07:49.754 [Test worker] DEBUG org.springframework.test.web.servlet.TestDispatcherServlet - Using LocaleResolver [org.springframework.web.servlet.i18n.AcceptHeaderLocaleResolver@346a9e94]
06:07:49.754 [Test worker] DEBUG org.springframework.test.web.servlet.TestDispatcherServlet - Using ThemeResolver [org.springframework.web.servlet.theme.FixedThemeResolver@3e010ec8]
06:07:49.754 [Test worker] DEBUG org.springframework.test.web.servlet.TestDispatcherServlet - Using RequestToViewNameTranslator [org.springframework.web.servlet.view.DefaultRequestToViewNameTranslator@2a6bd0f5]
06:07:49.754 [Test worker] DEBUG org.springframework.test.web.servlet.TestDispatcherServlet - Using FlashMapManager [org.springframework.web.servlet.support.SessionFlashMapManager@39c0665f]
06:07:49.754 [Test worker] DEBUG org.springframework.test.web.servlet.TestDispatcherServlet - Published WebApplicationContext of servlet '' as ServletContext attribute with name [org.springframework.web.servlet.FrameworkServlet.CONTEXT.]
06:07:49.754 [Test worker] INFO org.springframework.test.web.servlet.TestDispatcherServlet - FrameworkServlet '': initialization completed in 0 ms
06:07:49.754 [Test worker] DEBUG org.springframework.test.web.servlet.TestDispatcherServlet - Servlet '' configured successfully
06:07:49.785 [Test worker] DEBUG org.springframework.test.web.servlet.TestDispatcherServlet - DispatcherServlet with name '' processing GET request for [/stations]
06:07:49.785 [Test worker] DEBUG org.springframework.test.web.servlet.setup.StandaloneMockMvcBuilder$StaticRequestMappingHandlerMapping - Looking up handler method for path /stations
06:07:49.785 [Test worker] DEBUG org.springframework.test.web.servlet.setup.StandaloneMockMvcBuilder$StaticRequestMappingHandlerMapping - Returning handler method [public java.util.List<com.danielvargas.entity.data.Station> com.danielvargas.controller.StationController.getAllStations()]
06:07:49.785 [Test worker] DEBUG org.springframework.test.web.servlet.TestDispatcherServlet - Last-Modified value for [/stations] is: -1
06:07:49.848 [Test worker] DEBUG org.springframework.web.servlet.mvc.method.annotation.RequestResponseBodyMethodProcessor - Written [[]] as "application/json" using [org.springframework.http.converter.json.MappingJackson2HttpMessageConverter@6d9ec4ba]
06:07:49.848 [Test worker] DEBUG org.springframework.test.web.servlet.TestDispatcherServlet - Null ModelAndView returned to DispatcherServlet with name '': assuming HandlerAdapter completed request handling
06:07:49.848 [Test worker] DEBUG org.springframework.test.web.servlet.TestDispatcherServlet - Successfully completed request
06:07:49.863 [Test worker] DEBUG org.springframework.core.env.StandardEnvironment - Adding PropertySource 'systemProperties' with lowest search precedence
06:07:49.863 [Test worker] DEBUG org.springframework.core.env.StandardEnvironment - Adding PropertySource 'systemEnvironment' with lowest search precedence
06:07:49.863 [Test worker] DEBUG org.springframework.core.env.StandardEnvironment - Initialized StandardEnvironment with PropertySources [MapPropertySource@1785289939 {name='systemProperties', properties={java.runtime.name=Java(TM) SE Runtime Environment, sun.boot.library.path=C:\Program Files\Java\jdk1.8.0_162\jre\bin, java.vm.version=25.162-b12, java.vm.vendor=Oracle Corporation, java.vendor.url=http://java.oracle.com/, path.separator=;, java.vm.name=Java HotSpot(TM) 64-Bit Server VM, file.encoding.pkg=sun.io, user.script=, sun.java.launcher=SUN_STANDARD, user.country=CO, sun.os.patch.level=, java.vm.specification.name=Java Virtual Machine Specification, user.dir=D:\Pruebas De Programacion\bicicletas\bicicletasAPI, java.runtime.version=1.8.0_162-b12, java.awt.graphicsenv=sun.awt.Win32GraphicsEnvironment, java.endorsed.dirs=C:\Program Files\Java\jdk1.8.0_162\jre\lib\endorsed, os.arch=amd64, java.io.tmpdir=C:\Users\Daniel\AppData\Local\Temp\, line.separator=
, java.vm.specification.vendor=Oracle Corporation, user.variant=, os.name=Windows 10, sun.jnu.encoding=Cp1252, java.library.path=C:\Program Files\Java\jdk1.8.0_162\bin;C:\WINDOWS\Sun\Java\bin;C:\WINDOWS\system32;C:\WINDOWS;C:\Program Files\NVIDIA GPU Computing Toolkit\CUDA\v9.0\bin;C:\Program Files\NVIDIA GPU Computing Toolkit\CUDA\v9.0\libnvvp;C:\ProgramData\Oracle\Java\javapath;C:\Windows\system32;C:\Windows;C:\Windows\System32\Wbem;C:\Windows\System32\WindowsPowerShell\v1.0\;C:\Program Files (x86)\NVIDIA Corporation\PhysX\Common;C:\WINDOWS\system32;C:\WINDOWS;C:\WINDOWS\System32\Wbem;C:\WINDOWS\System32\WindowsPowerShell\v1.0\;C:\Program Files (x86)\GtkSharp\2.12\bin;C:\Program Files\Git\cmd;C:\Program Files\nodejs\;C:\Users\Daniel\Anaconda3;C:\Users\Daniel\AppData\Local\Microsoft\WindowsApps;C:\Users\Daniel\AppData\Local\atom\bin;C:\Program Files\Microsoft VS Code\bin;C:\Users\Daniel\AppData\Roaming\npm;C:\Program Files\Heroku\bin;., java.specification.name=Java Platform API Specification, java.class.version=52.0, sun.management.compiler=HotSpot 64-Bit Tiered Compilers, os.version=10.0, user.home=C:\Users\Daniel, user.timezone=America/Bogota, java.awt.printerjob=sun.awt.windows.WPrinterJob, file.encoding=windows-1252, java.specification.version=1.8, java.class.path=D:\Pruebas De Programacion\bicicletas\bicicletasAPI\build\classes\test;D:\Pruebas De Programacion\bicicletas\bicicletasAPI\build\resources\test;D:\Pruebas De Programacion\bicicletas\bicicletasAPI\build\classes\main;D:\Pruebas De Programacion\bicicletas\bicicletasAPI\build\resources\main;C:\Users\Daniel\.gradle\caches\modules-2\files-2.1\org.springframework.boot\spring-boot-starter-data-jpa\1.5.9.RELEASE\8628320876aa12cc406216523effe954fbd354c0\spring-boot-starter-data-jpa-1.5.9.RELEASE.jar;C:\Users\Daniel\.gradle\caches\modules-2\files-2.1\org.springframework.boot\spring-boot-starter-web\1.5.9.RELEASE\bda9733d5e6ba6d1a97deead1738713dc0631b3e\spring-boot-starter-web-1.5.9.RELEASE.jar;C:\Users\Daniel\.gradle\caches\modules-2\files-2.1\org.hibernate\hibernate-core\5.1.0.Final\1b5ac619df76cfd67222ca7cddcee6b0a5db8d0c\hibernate-core-5.1.0.Final.jar;C:\Users\Daniel\.gradle\caches\modules-2\files-2.1\org.apache.tomcat\tomcat-dbcp\8.0.32\782df353bd234b50489ab117d6a783919179e980\tomcat-dbcp-8.0.32.jar;C:\Users\Daniel\.gradle\caches\modules-2\files-2.1\org.hibernate\hibernate-entitymanager\5.1.0.Final\30d9f676363010b0958c9b738abc197235766f9c\hibernate-entitymanager-5.1.0.Final.jar;C:\Users\Daniel\.gradle\caches\modules-2\files-2.1\com.fasterxml.jackson.datatype\jackson-datatype-jsr310\2.9.3\7d739db3f7975d082acbbade17986d018dc473c2\jackson-datatype-jsr310-2.9.3.jar;C:\Users\Daniel\.gradle\caches\modules-2\files-2.1\org.springframework.boot\spring-boot-starter-security\1.5.9.RELEASE\f6ee3598d26440007927c67371406f2433c13e2d\spring-boot-starter-security-1.5.9.RELEASE.jar;C:\Users\Daniel\.gradle\caches\modules-2\files-2.1\io.jsonwebtoken\jjwt\0.9.0\64e3ed8a5f0bc93ecea592a0b3280f995efbdfe9\jjwt-0.9.0.jar;C:\Users\Daniel\.gradle\caches\modules-2\files-2.1\joda-time\joda-time\2.9.9\f7b520c458572890807d143670c9b24f4de90897\joda-time-2.9.9.jar;C:\Users\Daniel\.gradle\caches\modules-2\files-2.1\com.h2database\h2\1.4.196\dd0034398d593aa3588c6773faac429bbd9aea0e\h2-1.4.196.jar;C:\Users\Daniel\.gradle\caches\modules-2\files-2.1\org.springframework.boot\spring-boot-starter-test\1.5.9.RELEASE\b5adf6fbf53be00b7ae52f657d564122edbe5156\spring-boot-starter-test-1.5.9.RELEASE.jar;C:\Users\Daniel\.gradle\caches\modules-2\files-2.1\org.springframework.security\spring-security-test\4.2.3.RELEASE\f93339f597290d85a596f25a7841b9109b79ced6\spring-security-test-4.2.3.RELEASE.jar;C:\Users\Daniel\.gradle\caches\modules-2\files-2.1\com.github.springtestdbunit\spring-test-dbunit\1.3.0\596cab1e9016443d9ea9ffbc0692f4106f54c37d\spring-test-dbunit-1.3.0.jar;C:\Users\Daniel\.gradle\caches\modules-2\files-2.1\org.dbunit\dbunit\2.5.2\80b5acbbcb14366ee69bd2800f9fad59634761a5\dbunit-2.5.2.jar;C:\Users\Daniel\.gradle\caches\modules-2\files-2.1\junit\junit\4.12\2973d150c0dc1fefe998f834810d68f278ea58ec\junit-4.12.jar;C:\Users\Daniel\.gradle\caches\modules-2\files-2.1\org.apache.httpcomponents\httpclient\4.5.2\733db77aa8d9b2d68015189df76ab06304406e50\httpclient-4.5.2.jar;C:\Users\Daniel\.gradle\caches\modules-2\files-2.1\org.springframework.boot\spring-boot-starter\1.5.9.RELEASE\6bfb34db2715ee86c6e2337fa145650588b4b1b3\spring-boot-starter-1.5.9.RELEASE.jar;C:\Users\Daniel\.gradle\caches\modules-2\files-2.1\org.springframework.boot\spring-boot-starter-aop\1.5.9.RELEASE\fab419df8d7a13968a51ebfcbcad7ef320d66184\spring-boot-starter-aop-1.5.9.RELEASE.jar;C:\Users\Daniel\.gradle\caches\modules-2\files-2.1\org.springframework.boot\spring-boot-starter-jdbc\1.5.9.RELEASE\6769ecea55e952afb64f17975638c5afd1e59ef3\spring-boot-starter-jdbc-1.5.9.RELEASE.jar;C:\Users\Daniel\.gradle\caches\modules-2\files-2.1\javax.transaction\javax.transaction-api\1.2\d81aff979d603edd90dcd8db2abc1f4ce6479e3e\javax.transaction-api-1.2.jar;C:\Users\Daniel\.gradle\caches\modules-2\files-2.1\org.springframework.data\spring-data-jpa\1.11.9.RELEASE\64c80f12361d5b74cf98a3433b59a5c961d78d38\spring-data-jpa-1.11.9.RELEASE.jar;C:\Users\Daniel\.gradle\caches\modules-2\files-2.1\org.springframework\spring-aspects\4.3.13.RELEASE\c91788e6b7c431379d0f7fe5f85f427d7e3f01ae\spring-aspects-4.3.13.RELEASE.jar;C:\Users\Daniel\.gradle\caches\modules-2\files-2.1\org.springframework.boot\spring-boot-starter-tomcat\1.5.9.RELEASE\4615056f8a2bcad03ba8cdf410419ee3d101c5bb\spring-boot-starter-tomcat-1.5.9.RELEASE.jar;C:\Users\Daniel\.gradle\caches\modules-2\files-2.1\org.hibernate\hibernate-validator\5.3.6.Final\4c730be8bf55a8e9a61e79a2f2c079abf48b718\hibernate-validator-5.3.6.Final.jar;C:\Users\Daniel\.gradle\caches\modules-2\files-2.1\com.fasterxml.jackson.core\jackson-databind\2.8.10\f7b83cb2bc4b88d53961e749e1ad32f49ef017b7\jackson-databind-2.8.10.jar;C:\Users\Daniel\.gradle\caches\modules-2\files-2.1\org.springframework\spring-web\4.3.13.RELEASE\7cd084992d546165ede3e99bc31ee49c937f0ce7\spring-web-4.3.13.RELEASE.jar;C:\Users\Daniel\.gradle\caches\modules-2\files-2.1\org.springframework\spring-webmvc\4.3.13.RELEASE\87a095c7a1d13fe433ae6712787238c1dbaa6919\spring-webmvc-4.3.13.RELEASE.jar;C:\Users\Daniel\.gradle\caches\modules-2\files-2.1\org.jboss.logging\jboss-logging\3.3.1.Final\c46217ab74b532568c0ed31dc599db3048bd1b67\jboss-logging-3.3.1.Final.jar;C:\Users\Daniel\.gradle\caches\modules-2\files-2.1\org.hibernate.javax.persistence\hibernate-jpa-2.1-api\1.0.0.Final\5e731d961297e5a07290bfaf3db1fbc8bbbf405a\hibernate-jpa-2.1-api-1.0.0.Final.jar;C:\Users\Daniel\.gradle\caches\modules-2\files-2.1\org.javassist\javassist\3.21.0-GA\598244f595db5c5fb713731eddbb1c91a58d959b\javassist-3.21.0-GA.jar;C:\Users\Daniel\.gradle\caches\modules-2\files-2.1\antlr\antlr\2.7.7\83cd2cd674a217ade95a4bb83a8a14f351f48bd0\antlr-2.7.7.jar;C:\Users\Daniel\.gradle\caches\modules-2\files-2.1\org.apache.geronimo.specs\geronimo-jta_1.1_spec\1.1.1\aabab3165b8ea936b9360abbf448459c0d04a5a4\geronimo-jta_1.1_spec-1.1.1.jar;C:\Users\Daniel\.gradle\caches\modules-2\files-2.1\org.jboss\jandex\2.0.0.Final\3e899258936f94649c777193e1be846387ed54b3\jandex-2.0.0.Final.jar;C:\Users\Daniel\.gradle\caches\modules-2\files-2.1\com.fasterxml\classmate\1.3.4\3d5f48f10bbe4eb7bd862f10c0583be2e0053c6\classmate-1.3.4.jar;C:\Users\Daniel\.gradle\caches\modules-2\files-2.1\dom4j\dom4j\1.6.1\5d3ccc056b6f056dbf0dddfdf43894b9065a8f94\dom4j-1.6.1.jar;C:\Users\Daniel\.gradle\caches\modules-2\files-2.1\org.hibernate.common\hibernate-commons-annotations\5.0.1.Final\71e1cff3fcb20d3b3af4f3363c3ddb24d33c6879\hibernate-commons-annotations-5.0.1.Final.jar;C:\Users\Daniel\.gradle\caches\modules-2\files-2.1\com.fasterxml.jackson.core\jackson-annotations\2.8.0\45b426f7796b741035581a176744d91090e2e6fb\jackson-annotations-2.8.0.jar;C:\Users\Daniel\.gradle\caches\modules-2\files-2.1\com.fasterxml.jackson.core\jackson-core\2.8.10\eb21a035c66ad307e66ec8fce37f5d50fd62d039\jackson-core-2.8.10.jar;C:\Users\Daniel\.gradle\caches\modules-2\files-2.1\org.springframework\spring-aop\4.3.13.RELEASE\61f427b55951f59b50f3c2bd0de3c48960e2a342\spring-aop-4.3.13.RELEASE.jar;C:\Users\Daniel\.gradle\caches\modules-2\files-2.1\org.springframework.security\spring-security-config\4.2.3.RELEASE\9f3771903616e33521836fd999d63efbfebf90d\spring-security-config-4.2.3.RELEASE.jar;C:\Users\Daniel\.gradle\caches\modules-2\files-2.1\org.springframework.security\spring-security-web\4.2.3.RELEASE\7a03e737484ca232d7146852f06d067ac21427ac\spring-security-web-4.2.3.RELEASE.jar;C:\Users\Daniel\.gradle\caches\modules-2\files-2.1\org.springframework.boot\spring-boot-test\1.5.9.RELEASE\7e604d56325f04a8b89a280e647746fc69e5a21f\spring-boot-test-1.5.9.RELEASE.jar;C:\Users\Daniel\.gradle\caches\modules-2\files-2.1\org.springframework.boot\spring-boot-test-autoconfigure\1.5.9.RELEASE\b428495e25b0531b2a977f51c5d29011c817b8ee\spring-boot-test-autoconfigure-1.5.9.RELEASE.jar;C:\Users\Daniel\.gradle\caches\modules-2\files-2.1\com.jayway.jsonpath\json-path\2.2.0\22290d17944bd239fabf5ac69005a60a7ecbbbcb\json-path-2.2.0.jar;C:\Users\Daniel\.gradle\caches\modules-2\files-2.1\org.assertj\assertj-core\2.6.0\b532c3fc4f66bcfee4989a3514f1cd56203a33ad\assertj-core-2.6.0.jar;C:\Users\Daniel\.gradle\caches\modules-2\files-2.1\org.mockito\mockito-core\1.10.19\e8546f5bef4e061d8dd73895b4e8f40e3fe6effe\mockito-core-1.10.19.jar;C:\Users\Daniel\.gradle\caches\modules-2\files-2.1\org.hamcrest\hamcrest-core\1.3\42a25dc3219429f0e5d060061f71acb49bf010a0\hamcrest-core-1.3.jar;C:\Users\Daniel\.gradle\caches\modules-2\files-2.1\org.hamcrest\hamcrest-library\1.3\4785a3c21320980282f9f33d0d1264a69040538f\hamcrest-library-1.3.jar;C:\Users\Daniel\.gradle\caches\modules-2\files-2.1\org.skyscreamer\jsonassert\1.4.0\9cdbb373a06f6513e51e8c545ee6a5e981463edb\jsonassert-1.4.0.jar;C:\Users\Daniel\.gradle\caches\modules-2\files-2.1\org.springframework\spring-core\4.3.13.RELEASE\eea18d7f4d01f1baa1b6728b678b5a6fe23c61f6\spring-core-4.3.13.RELEASE.jar;C:\Users\Daniel\.gradle\caches\modules-2\files-2.1\org.springframework\spring-test\4.3.13.RELEASE\f4ff71b0d628d37f334d4f1f197c1b8cea364d01\spring-test-4.3.13.RELEASE.jar;C:\Users\Daniel\.gradle\caches\modules-2\files-2.1\org.springframework.security\spring-security-core\4.2.3.RELEASE\5c0e47a47036c94d6fdd02696bf52be6d1adbd4d\spring-security-core-4.2.3.RELEASE.jar;C:\Users\Daniel\.gradle\caches\modules-2\files-2.1\org.slf4j\slf4j-api\1.7.25\da76ca59f6a57ee3102f8f9bd9cee742973efa8a\slf4j-api-1.7.25.jar;C:\Users\Daniel\.gradle\caches\modules-2\files-2.1\commons-collections\commons-collections\3.2.2\8ad72fe39fa8c91eaaf12aadb21e0c3661fe26d5\commons-collections-3.2.2.jar;C:\Users\Daniel\.gradle\caches\modules-2\files-2.1\org.apache.poi\poi-ooxml\3.11\e87975291fbb65888468b09fda2cf00e2996c2a0\poi-ooxml-3.11.jar;C:\Users\Daniel\.gradle\caches\modules-2\files-2.1\org.apache.httpcomponents\httpcore\4.4.8\70539e2a07865bab38b4153da1ce599cf081790a\httpcore-4.4.8.jar;C:\Users\Daniel\.gradle\caches\modules-2\files-2.1\commons-codec\commons-codec\1.10\4b95f4897fa13f2cd904aee711aeafc0c5295cd8\commons-codec-1.10.jar;C:\Users\Daniel\.gradle\caches\modules-2\files-2.1\org.springframework.boot\spring-boot\1.5.9.RELEASE\f472cdf948288796fb31e0bb03f6e7b022b763a0\spring-boot-1.5.9.RELEASE.jar;C:\Users\Daniel\.gradle\caches\modules-2\files-2.1\org.springframework.boot\spring-boot-autoconfigure\1.5.9.RELEASE\88dd18bdaf317ae40971573a051fd47265f2ed39\spring-boot-autoconfigure-1.5.9.RELEASE.jar;C:\Users\Daniel\.gradle\caches\modules-2\files-2.1\org.springframework.boot\spring-boot-starter-logging\1.5.9.RELEASE\30fd62a1ce9639759d90d49608501082314c1628\spring-boot-starter-logging-1.5.9.RELEASE.jar;C:\Users\Daniel\.gradle\caches\modules-2\files-2.1\org.yaml\snakeyaml\1.17\7a27ea250c5130b2922b86dea63cbb1cc10a660c\snakeyaml-1.17.jar;C:\Users\Daniel\.gradle\caches\modules-2\files-2.1\org.aspectj\aspectjweaver\1.8.13\ad94df2a28d658a40dc27bbaff6a1ce5fbf04e9b\aspectjweaver-1.8.13.jar;C:\Users\Daniel\.gradle\caches\modules-2\files-2.1\org.apache.tomcat\tomcat-jdbc\8.5.23\6036400a8f2d90dd3ae3a4d09e5136c56002887b\tomcat-jdbc-8.5.23.jar;C:\Users\Daniel\.gradle\caches\modules-2\files-2.1\org.springframework\spring-jdbc\4.3.13.RELEASE\68e95c2a065641559c7dab7b605bc5847ab026ad\spring-jdbc-4.3.13.RELEASE.jar;C:\Users\Daniel\.gradle\caches\modules-2\files-2.1\org.springframework.data\spring-data-commons\1.13.9.RELEASE\3910a598235d2e9c1ca56f34c5e62bb5ce23778\spring-data-commons-1.13.9.RELEASE.jar;C:\Users\Daniel\.gradle\caches\modules-2\files-2.1\org.springframework\spring-orm\4.3.13.RELEASE\382d3ce044204947f8f2b3fa67a665d4e2bd346f\spring-orm-4.3.13.RELEASE.jar;C:\Users\Daniel\.gradle\caches\modules-2\files-2.1\org.springframework\spring-context\4.3.13.RELEASE\6ab1c189a13182fa3256f6bbc68fafdaf8f5a19e\spring-context-4.3.13.RELEASE.jar;C:\Users\Daniel\.gradle\caches\modules-2\files-2.1\org.springframework\spring-tx\4.3.13.RELEASE\6ebf7b3f2099fa884038d9d7bd44817ebd9c5b4a\spring-tx-4.3.13.RELEASE.jar;C:\Users\Daniel\.gradle\caches\modules-2\files-2.1\org.springframework\spring-beans\4.3.13.RELEASE\8613a7077722f1d97f8cb3fea4b0b40bfadf4496\spring-beans-4.3.13.RELEASE.jar;C:\Users\Daniel\.gradle\caches\modules-2\files-2.1\org.slf4j\jcl-over-slf4j\1.7.25\f8c32b13ff142a513eeb5b6330b1588dcb2c0461\jcl-over-slf4j-1.7.25.jar;C:\Users\Daniel\.gradle\caches\modules-2\files-2.1\org.apache.tomcat.embed\tomcat-embed-core\8.5.23\79261793a47f507890ee08f749b9d81774e4f7f0\tomcat-embed-core-8.5.23.jar;C:\Users\Daniel\.gradle\caches\modules-2\files-2.1\org.apache.tomcat.embed\tomcat-embed-el\8.5.23\98d979cde444dffa6d434c8377d0123b2dfa614c\tomcat-embed-el-8.5.23.jar;C:\Users\Daniel\.gradle\caches\modules-2\files-2.1\org.apache.tomcat.embed\tomcat-embed-websocket\8.5.23\52f07abcae10dc7e1764304b0877def175c2c833\tomcat-embed-websocket-8.5.23.jar;C:\Users\Daniel\.gradle\caches\modules-2\files-2.1\javax.validation\validation-api\1.1.0.Final\8613ae82954779d518631e05daa73a6a954817d5\validation-api-1.1.0.Final.jar;C:\Users\Daniel\.gradle\caches\modules-2\files-2.1\org.springframework\spring-expression\4.3.13.RELEASE\da22bf7df1262e429b49653be6cd5b89b6affe5e\spring-expression-4.3.13.RELEASE.jar;C:\Users\Daniel\.gradle\caches\modules-2\files-2.1\aopalliance\aopalliance\1.0\235ba8b489512805ac13a8f9ea77a1ca5ebe3e8\aopalliance-1.0.jar;C:\Users\Daniel\.gradle\caches\modules-2\files-2.1\net.minidev\json-smart\2.2.1\5b9e5df7a62d1279b70dc882b041d249c4f0b002\json-smart-2.2.1.jar;C:\Users\Daniel\.gradle\caches\modules-2\files-2.1\org.objenesis\objenesis\2.1\87c0ea803b69252868d09308b4618f766f135a96\objenesis-2.1.jar;C:\Users\Daniel\.gradle\caches\modules-2\files-2.1\com.vaadin.external.google\android-json\0.0.20131108.vaadin1\fa26d351fe62a6a17f5cda1287c1c6110dec413f\android-json-0.0.20131108.vaadin1.jar;C:\Users\Daniel\.gradle\caches\modules-2\files-2.1\org.apache.poi\poi\3.11\51058d9db469437a5ed0aa508e7de8937019e1d9\poi-3.11.jar;C:\Users\Daniel\.gradle\caches\modules-2\files-2.1\org.apache.poi\poi-ooxml-schemas\3.11\4f015e9125a65351a2e1d27c1f8c6af0ff4a34c8\poi-ooxml-schemas-3.11.jar;C:\Users\Daniel\.gradle\caches\modules-2\files-2.1\ch.qos.logback\logback-classic\1.1.11\ccedfbacef4a6515d2983e3f89ed753d5d4fb665\logback-classic-1.1.11.jar;C:\Users\Daniel\.gradle\caches\modules-2\files-2.1\org.slf4j\jul-to-slf4j\1.7.25\af5364cd6679bfffb114f0dec8a157aaa283b76\jul-to-slf4j-1.7.25.jar;C:\Users\Daniel\.gradle\caches\modules-2\files-2.1\org.slf4j\log4j-over-slf4j\1.7.25\a87bb47468f47ee7aabbd54f93e133d4215769c3\log4j-over-slf4j-1.7.25.jar;C:\Users\Daniel\.gradle\caches\modules-2\files-2.1\org.apache.tomcat\tomcat-annotations-api\8.5.23\aaf17df9fe0240e9e9d5375d24d5f177174b73d9\tomcat-annotations-api-8.5.23.jar;C:\Users\Daniel\.gradle\caches\modules-2\files-2.1\net.minidev\accessors-smart\1.1\a527213f2fea112a04c9bdf0ec0264e34104cd08\accessors-smart-1.1.jar;C:\Users\Daniel\.gradle\caches\modules-2\files-2.1\org.apache.xmlbeans\xmlbeans\2.6.0\29e80d2dd51f9dcdef8f9ffaee0d4dc1c9bbfc87\xmlbeans-2.6.0.jar;C:\Users\Daniel\.gradle\caches\modules-2\files-2.1\ch.qos.logback\logback-core\1.1.11\88b8df40340eed549fb07e2613879bf6b006704d\logback-core-1.1.11.jar;C:\Users\Daniel\.gradle\caches\modules-2\files-2.1\org.ow2.asm\asm\5.0.3\dcc2193db20e19e1feca8b1240dbbc4e190824fa\asm-5.0.3.jar;C:\Users\Daniel\.gradle\caches\modules-2\files-2.1\stax\stax-api\1.0.1\49c100caf72d658aca8e58bd74a4ba90fa2b0d70\stax-api-1.0.1.jar;C:\Users\Daniel\.gradle\caches\modules-2\files-2.1\org.apache.tomcat\tomcat-juli\8.5.23\98e7f0610b7b2fb8303f11be0210e3f5a56a7d55\tomcat-juli-8.5.23.jar, user.name=Daniel, java.vm.specification.version=1.8, sun.java.command=worker.org.gradle.process.internal.worker.GradleWorkerMain 'Gradle Test Executor 1', java.home=C:\Program Files\Java\jdk1.8.0_162\jre, sun.arch.data.model=64, user.language=es, java.specification.vendor=Oracle Corporation, awt.toolkit=sun.awt.windows.WToolkit, java.vm.info=mixed mode, java.version=1.8.0_162, java.ext.dirs=C:\Program Files\Java\jdk1.8.0_162\jre\lib\ext;C:\WINDOWS\Sun\Java\lib\ext, sun.boot.class.path=C:\Program Files\Java\jdk1.8.0_162\jre\lib\resources.jar;C:\Program Files\Java\jdk1.8.0_162\jre\lib\rt.jar;C:\Program Files\Java\jdk1.8.0_162\jre\lib\sunrsasign.jar;C:\Program Files\Java\jdk1.8.0_162\jre\lib\jsse.jar;C:\Program Files\Java\jdk1.8.0_162\jre\lib\jce.jar;C:\Program Files\Java\jdk1.8.0_162\jre\lib\charsets.jar;C:\Program Files\Java\jdk1.8.0_162\jre\lib\jfr.jar;C:\Program Files\Java\jdk1.8.0_162\jre\classes, java.vendor=Oracle Corporation, org.gradle.test.worker=1, file.separator=\, java.vendor.url.bug=http://bugreport.sun.com/bugreport/, sun.io.unicode.encoding=UnicodeLittle, sun.cpu.endian=little, sun.desktop=windows, sun.cpu.isalist=amd64}}, SystemEnvironmentPropertySource@1204168720 {name='systemEnvironment', properties={USERDOMAIN_ROAMINGPROFILE=USUARIO01, LOCALAPPDATA=C:\Users\Daniel\AppData\Local, PROCESSOR_LEVEL=6, USERDOMAIN=USUARIO01, FPS_BROWSER_APP_PROFILE_STRING=Internet Explorer, LOGONSERVER=\\USUARIO01, SESSIONNAME=Console, ALLUSERSPROFILE=C:\ProgramData, PROCESSOR_ARCHITECTURE=AMD64, PSModulePath=C:\WINDOWS\system32\WindowsPowerShell\v1.0\Modules\, SystemDrive=C:, OneDrive=C:\Users\Daniel\OneDrive, APPDATA=C:\Users\Daniel\AppData\Roaming, GTK_BASEPATH=C:\Program Files (x86)\GtkSharp\2.12\, USERNAME=Daniel, ProgramFiles(x86)=C:\Program Files (x86), VBOX_MSI_INSTALL_PATH=C:\Program Files\Oracle\VirtualBox\, NVTOOLSEXT_PATH=C:\Program Files\NVIDIA Corporation\NvToolsExt\, CommonProgramFiles=C:\Program Files\Common Files, Path=C:\Program Files\NVIDIA GPU Computing Toolkit\CUDA\v9.0\bin;C:\Program Files\NVIDIA GPU Computing Toolkit\CUDA\v9.0\libnvvp;C:\ProgramData\Oracle\Java\javapath;C:\Windows\system32;C:\Windows;C:\Windows\System32\Wbem;C:\Windows\System32\WindowsPowerShell\v1.0\;C:\Program Files (x86)\NVIDIA Corporation\PhysX\Common;C:\WINDOWS\system32;C:\WINDOWS;C:\WINDOWS\System32\Wbem;C:\WINDOWS\System32\WindowsPowerShell\v1.0\;C:\Program Files (x86)\GtkSharp\2.12\bin;C:\Program Files\Git\cmd;C:\Program Files\nodejs\;C:\Users\Daniel\Anaconda3;C:\Users\Daniel\AppData\Local\Microsoft\WindowsApps;C:\Users\Daniel\AppData\Local\atom\bin;C:\Program Files\Microsoft VS Code\bin;C:\Users\Daniel\AppData\Roaming\npm;C:\Program Files\Heroku\bin, FPS_BROWSER_USER_PROFILE_STRING=Default, PATHEXT=.COM;.EXE;.BAT;.CMD;.VBS;.VBE;.JS;.JSE;.WSF;.WSH;.MSC, OS=Windows_NT, COMPUTERNAME=USUARIO01, NVCUDASAMPLES_ROOT=C:\ProgramData\NVIDIA Corporation\CUDA Samples\v9.0, CUDA_PATH=C:\Program Files\NVIDIA GPU Computing Toolkit\CUDA\v9.0, ADSK_CLM_WPAD_PROXY_CHECK=FALSE, PROCESSOR_REVISION=4e03, CommonProgramW6432=C:\Program Files\Common Files, ComSpec=C:\WINDOWS\system32\cmd.exe, PYTHON_HOME=C:\Users\Daniel\Anaconda3, NVCUDASAMPLES9_0_ROOT=C:\ProgramData\NVIDIA Corporation\CUDA Samples\v9.0, ProgramData=C:\ProgramData, ProgramW6432=C:\Program Files, HOMEPATH=\Users\Daniel, SystemRoot=C:\WINDOWS, TEMP=C:\Users\Daniel\AppData\Local\Temp, HOMEDRIVE=C:, PROCESSOR_IDENTIFIER=Intel64 Family 6 Model 78 Stepping 3, GenuineIntel, USERPROFILE=C:\Users\Daniel, TMP=C:\Users\Daniel\AppData\Local\Temp, CUDA_PATH_V9_0=C:\Program Files\NVIDIA GPU Computing Toolkit\CUDA\v9.0, CommonProgramFiles(x86)=C:\Program Files (x86)\Common Files, ProgramFiles=C:\Program Files, PUBLIC=C:\Users\Public, NUMBER_OF_PROCESSORS=4, windir=C:\WINDOWS, =::=::\}}]
06:07:49.863 [Test worker] DEBUG org.springframework.test.web.servlet.setup.StandaloneMockMvcBuilder$StaticRequestMappingHandlerMapping - Looking for request mappings in application context: org.springframework.test.web.servlet.setup.StubWebApplicationContext@5c815849
06:07:49.863 [Test worker] DEBUG org.springframework.test.web.servlet.setup.StandaloneMockMvcBuilder$StaticRequestMappingHandlerMapping - 3 request handler methods found on class com.danielvargas.controller.StationController: {public org.springframework.http.ResponseEntity com.danielvargas.controller.StationController.updateStatus(int)={[/stations/{id}],methods=[POST]}, public org.springframework.http.ResponseEntity com.danielvargas.controller.StationController.getOneStation(int)={[/stations/{id}]}, public java.util.List com.danielvargas.controller.StationController.getAllStations()={[/stations]}}
06:07:49.863 [Test worker] INFO org.springframework.test.web.servlet.setup.StandaloneMockMvcBuilder$StaticRequestMappingHandlerMapping - Mapped "{[/stations/{id}],methods=[POST]}" onto public org.springframework.http.ResponseEntity<com.danielvargas.entity.data.Station> com.danielvargas.controller.StationController.updateStatus(int)
06:07:49.863 [Test worker] INFO org.springframework.test.web.servlet.setup.StandaloneMockMvcBuilder$StaticRequestMappingHandlerMapping - Mapped "{[/stations/{id}]}" onto public org.springframework.http.ResponseEntity<com.danielvargas.entity.data.Station> com.danielvargas.controller.StationController.getOneStation(int)
06:07:49.863 [Test worker] INFO org.springframework.test.web.servlet.setup.StandaloneMockMvcBuilder$StaticRequestMappingHandlerMapping - Mapped "{[/stations]}" onto public java.util.List<com.danielvargas.entity.data.Station> com.danielvargas.controller.StationController.getAllStations()
06:07:49.879 [Test worker] DEBUG org.hibernate.validator.internal.engine.resolver.DefaultTraversableResolver - Found javax.persistence.Persistence on classpath containing 'getPersistenceUtil'. Assuming JPA 2 environment. Trying to instantiate JPA aware TraversableResolver
06:07:49.879 [Test worker] DEBUG org.hibernate.validator.internal.engine.resolver.DefaultTraversableResolver - Instantiated JPA aware TraversableResolver of type org.hibernate.validator.internal.engine.resolver.JPATraversableResolver.
06:07:49.879 [Test worker] DEBUG org.hibernate.validator.internal.engine.ConfigurationImpl - Setting custom MessageInterpolator of type org.springframework.validation.beanvalidation.LocaleContextMessageInterpolator
06:07:49.879 [Test worker] DEBUG org.hibernate.validator.internal.engine.ConfigurationImpl - Setting custom ParameterNameProvider of type com.sun.proxy.$Proxy28
06:07:49.879 [Test worker] DEBUG org.hibernate.validator.internal.xml.ValidationXmlParser - Trying to load META-INF/validation.xml for XML based Validator configuration.
06:07:49.879 [Test worker] DEBUG org.hibernate.validator.internal.xml.ResourceLoaderHelper - Trying to load META-INF/validation.xml via TCCL
06:07:49.879 [Test worker] DEBUG org.hibernate.validator.internal.xml.ResourceLoaderHelper - Trying to load META-INF/validation.xml via Hibernate Validator's class loader
06:07:49.879 [Test worker] DEBUG org.hibernate.validator.internal.xml.ValidationXmlParser - No META-INF/validation.xml found. Using annotation based configuration only.
06:07:49.879 [Test worker] INFO org.springframework.web.servlet.mvc.method.annotation.RequestMappingHandlerAdapter - Looking for @ControllerAdvice: org.springframework.test.web.servlet.setup.StubWebApplicationContext@5c815849
06:07:49.879 [Test worker] DEBUG org.springframework.web.servlet.mvc.method.annotation.ExceptionHandlerExceptionResolver - Looking for exception mappings: org.springframework.test.web.servlet.setup.StubWebApplicationContext@5c815849
06:07:49.879 [Test worker] DEBUG org.springframework.test.web.servlet.TestDispatcherServlet - Initializing servlet ''
06:07:49.879 [Test worker] INFO org.springframework.mock.web.MockServletContext - Initializing Spring FrameworkServlet ''
06:07:49.879 [Test worker] INFO org.springframework.test.web.servlet.TestDispatcherServlet - FrameworkServlet '': initialization started
06:07:49.879 [Test worker] DEBUG org.springframework.test.web.servlet.TestDispatcherServlet - Unable to locate MultipartResolver with name 'multipartResolver': no multipart request handling provided
06:07:49.879 [Test worker] DEBUG org.springframework.test.web.servlet.TestDispatcherServlet - Using LocaleResolver [org.springframework.web.servlet.i18n.AcceptHeaderLocaleResolver@470269cb]
06:07:49.879 [Test worker] DEBUG org.springframework.test.web.servlet.TestDispatcherServlet - Using ThemeResolver [org.springframework.web.servlet.theme.FixedThemeResolver@90e2c47]
06:07:49.879 [Test worker] DEBUG org.springframework.test.web.servlet.TestDispatcherServlet - Using RequestToViewNameTranslator [org.springframework.web.servlet.view.DefaultRequestToViewNameTranslator@4c4f5e7e]
06:07:49.879 [Test worker] DEBUG org.springframework.test.web.servlet.TestDispatcherServlet - Using FlashMapManager [org.springframework.web.servlet.support.SessionFlashMapManager@7769c04a]
06:07:49.879 [Test worker] DEBUG org.springframework.test.web.servlet.TestDispatcherServlet - Published WebApplicationContext of servlet '' as ServletContext attribute with name [org.springframework.web.servlet.FrameworkServlet.CONTEXT.]
06:07:49.879 [Test worker] INFO org.springframework.test.web.servlet.TestDispatcherServlet - FrameworkServlet '': initialization completed in 0 ms
06:07:49.879 [Test worker] DEBUG org.springframework.test.web.servlet.TestDispatcherServlet - Servlet '' configured successfully
06:07:49.879 [Test worker] DEBUG org.springframework.test.web.servlet.TestDispatcherServlet - DispatcherServlet with name '' processing GET request for [stations/1]
06:07:49.879 [Test worker] DEBUG org.springframework.test.web.servlet.setup.StandaloneMockMvcBuilder$StaticRequestMappingHandlerMapping - Looking up handler method for path stations/1
06:07:49.879 [Test worker] DEBUG org.springframework.test.web.servlet.setup.StandaloneMockMvcBuilder$StaticRequestMappingHandlerMapping - Did not find handler method for [stations/1]
06:07:49.879 [Test worker] WARN org.springframework.web.servlet.PageNotFound - No mapping found for HTTP request with URI [stations/1] in DispatcherServlet with name ''
06:07:49.879 [Test worker] DEBUG org.springframework.test.web.servlet.TestDispatcherServlet - Successfully completed request
]]></system-out>
  <system-err><![CDATA[]]></system-err>
</testsuite>
